Base path: 'F:/Program Files/Unity/Hub/Editor/2019.4.22f1/Editor/Data', plugins path 'F:/Program Files/Unity/Hub/Editor/2019.4.22f1/Editor/Data/PlaybackEngines'
Cmd: initializeCompiler
Cmd: preprocess
  insize=3368 outsize=798 ok=1
Cmd: preprocess
  insize=3410 outsize=612 ok=1
Cmd: preprocess
  insize=7643 outsize=2454 ok=1
Cmd: preprocess
  insize=4065 outsize=980 ok=1
Cmd: preprocess
  insize=9708 outsize=6975 ok=1
Cmd: preprocess
  insize=4104 outsize=1092 ok=1
Cmd: preprocess
  insize=3499 outsize=1246 ok=1
Cmd: preprocess
  insize=1782 outsize=2243 ok=1
Cmd: preprocess
  insize=2980 outsize=729 ok=1
Cmd: preprocess
  insize=1696 outsize=2147 ok=1
Cmd: preprocess
  insize=2703 outsize=554 ok=1
Cmd: preprocess
  insize=15114 outsize=11021 ok=1
Cmd: preprocess
  insize=12000 outsize=4583 ok=1
Cmd: preprocess
  insize=3383 outsize=780 ok=1
Cmd: preprocess
  insize=1495 outsize=207 ok=1
Cmd: preprocess
  insize=3524 outsize=2639 ok=1
Cmd: preprocess
  insize=2925 outsize=748 ok=1
Cmd: preprocess
  insize=2203 outsize=668 ok=1
Cmd: preprocess
  insize=2743 outsize=536 ok=1
Cmd: preprocess
  insize=4355 outsize=3655 ok=1
Cmd: preprocess
  insize=28871 outsize=23683 ok=1
Cmd: preprocess
  insize=3497 outsize=1293 ok=1
Cmd: preprocess
  insize=10600 outsize=3936 ok=1
Cmd: preprocess
  insize=3071 outsize=2724 ok=1
Cmd: preprocess
  insize=1905 outsize=2355 ok=1
Cmd: preprocess
  insize=2825 outsize=647 ok=1
Cmd: preprocess
  insize=2716 outsize=3098 ok=1
Cmd: preprocess
  insize=2701 outsize=726 ok=1
Cmd: preprocess
  insize=3244 outsize=625 ok=1
Cmd: preprocess
  insize=1819 outsize=2261 ok=1
Cmd: preprocess
  insize=28789 outsize=23255 ok=1
Cmd: preprocess
  insize=2414 outsize=2035 ok=1
Cmd: preprocess
  insize=2657 outsize=744 ok=1
Cmd: preprocess
  insize=7822 outsize=2720 ok=1
Cmd: preprocess
  insize=1844 outsize=270 ok=1
Cmd: preprocessCompute
  insize=1953 outsize=1957 ok=1
Cmd: preprocess
  insize=3291 outsize=729 ok=1
Cmd: preprocess
  insize=14885 outsize=12155 ok=1
Cmd: preprocess
  insize=10585 outsize=3927 ok=1
Cmd: preprocess
  insize=2529 outsize=603 ok=1
Cmd: preprocess
  insize=3549 outsize=1653 ok=1
Cmd: preprocess
  insize=3273 outsize=711 ok=1
Cmd: preprocess
  insize=7674 outsize=2466 ok=1
Cmd: preprocess
  insize=2593 outsize=2984 ok=1
Cmd: preprocess
  insize=1090 outsize=229 ok=1
Cmd: preprocess
  insize=3146 outsize=716 ok=1
Cmd: preprocess
  insize=2354 outsize=1124 ok=1
